<?xml version="1.0" encoding="UTF-8"?>
<!-- Generated by org.testng.reporters.JUnitXMLReporter -->
<testsuite ignored="1" hostname="Divya" failures="0" tests="3" name="Test" time="0.07" errors="0" timestamp="2024-09-03T18:24:07 IST">
  <testcase classname="package_1.Testing_groups" name="Testcase2" time="0.013"/>
  <testcase classname="package_1.Testing_groups" name="Testcase3" time="0.002"/>
  <testcase classname="package_1.Testing_groups" name="Testcase4" time="0.001"/>
  <testcase classname="package_1.Testing_groups" name="Testcase1" time="0.0">
    <ignored/>
  </testcase> <!-- Testcase1 -->
</testsuite> <!-- Test -->
