<?xml version="1.0" encoding="UTF-8"?>
<testng-results ignored="0" total="1" passed="1" failed="0" skipped="0">
  <reporter-output>
  </reporter-output>
  <suite started-at="2024-09-03T18:30:23 IST" name="Default suite" finished-at="2024-09-03T18:30:23 IST" duration-ms="54">
    <groups>
    </groups>
    <test started-at="2024-09-03T18:30:23 IST" name="Default test" finished-at="2024-09-03T18:30:23 IST" duration-ms="54">
      <class name="testing_TestNG.NewTest">
        <test-method signature="testcase()[pri:0, instance:testing_TestNG.NewTest@4f6ee6e4]" started-at="2024-09-03T18:30:23 IST" name="testcase" finished-at="2024-09-03T18:30:23 IST" duration-ms="14" status="PASS">
          <reporter-output>
          </reporter-output>
        </test-method> <!-- testcase -->
      </class> <!-- testing_TestNG.NewTest -->
    </test> <!-- Default test -->
  </suite> <!-- Default suite -->
</testng-results>
